This file contains any messages produced by compilers while
running configure, to aid debugging if configure makes a mistake.

It was created by srcpd configure 2.1.1, which was
generated by GNU Autoconf 2.69.  Invocation command line was

  $ ./configure 

## --------- ##
## Platform. ##
## --------- ##

hostname = hades
uname -m = x86_64
uname -r = 3.5.0-27-generic
uname -s = Linux
uname -v = #46-Ubuntu SMP Mon Mar 25 19:58:17 UTC 2013

/usr/bin/uname -p = unknown
/bin/uname -X     = unknown

/bin/arch              = unknown
/usr/bin/arch -k       = unknown
/usr/convex/getsysinfo = unknown
/usr/bin/hostinfo      = unknown
/bin/machine           = unknown
/usr/bin/oslevel       = unknown
/bin/universe          = unknown

PATH: /home/fork/Documents/eth/intro_computer_graphics/pbrt/pbrt-1.03/bin/
PATH: .
PATH: /opt/android-sdk-linux/tools
PATH: /home/fork/bin
PATH: /bin
PATH: /sbin
PATH: /usr/local/bin
PATH: /usr/local/sbin
PATH: /usr/bin
PATH: /usr/sbin
PATH: /usr/games
PATH: /usr/games/bin
PATH: /usr/X11R6/bin
PATH: /opt/eclipse
PATH: /opt/webstorm/bin
PATH: /usr/local/cuda/bin
PATH: /home/fork/bin


## ----------- ##
## Core tests. ##
## ----------- ##

configure:2303: checking build system type
configure:2317: result: x86_64-unknown-linux-gnu
configure:2337: checking host system type
configure:2350: result: x86_64-unknown-linux-gnu
configure:2390: checking for a BSD-compatible install
configure:2458: result: /usr/bin/install -c
configure:2469: checking whether build environment is sane
configure:2519: result: yes
configure:2660: checking for a thread-safe mkdir -p
configure:2699: result: /bin/mkdir -p
configure:2712: checking for gawk
configure:2742: result: no
configure:2712: checking for mawk
configure:2728: found /usr/bin/mawk
configure:2739: result: mawk
configure:2750: checking whether make sets $(MAKE)
configure:2772: result: yes
configure:2868: checking for style of include used by make
configure:2896: result: GNU
configure:2967: checking for gcc
configure:2983: found /usr/bin/gcc
configure:2994: result: gcc
configure:3223: checking for C compiler version
configure:3232: gcc --version >&5
gcc (Ubuntu/Linaro 4.7.2-2ubuntu1) 4.7.2
Copyright (C) 2012 Free Software Foundation, Inc.
This is free software; see the source for copying conditions.  There is NO
warranty; not even for MERCHANTABILITY or FITNESS FOR A PARTICULAR PURPOSE.

configure:3243: $? = 0
configure:3232: gcc -v >&5
Using built-in specs.
COLLECT_GCC=gcc
COLLECT_LTO_WRAPPER=/usr/lib/gcc/x86_64-linux-gnu/4.7/lto-wrapper
Target: x86_64-linux-gnu
Configured with: ../src/configure -v --with-pkgversion='Ubuntu/Linaro 4.7.2-2ubuntu1' --with-bugurl=file:///usr/share/doc/gcc-4.7/README.Bugs --enable-languages=c,c++,go,fortran,objc,obj-c++ --prefix=/usr --program-suffix=-4.7 --enable-shared --enable-linker-build-id --with-system-zlib --libexecdir=/usr/lib --without-included-gettext --enable-threads=posix --with-gxx-include-dir=/usr/include/c++/4.7 --libdir=/usr/lib --enable-nls --with-sysroot=/ --enable-clocale=gnu --enable-libstdcxx-debug --enable-libstdcxx-time=yes --enable-gnu-unique-object --enable-plugin --enable-objc-gc --disable-werror --with-arch-32=i686 --with-tune=generic --enable-checking=release --build=x86_64-linux-gnu --host=x86_64-linux-gnu --target=x86_64-linux-gnu
Thread model: posix
gcc version 4.7.2 (Ubuntu/Linaro 4.7.2-2ubuntu1) 
configure:3243: $? = 0
configure:3232: gcc -V >&5
gcc: error: unrecognized command line option '-V'
gcc: fatal error: no input files
compilation terminated.
configure:3243: $? = 4
configure:3232: gcc -qversion >&5
gcc: error: unrecognized command line option '-qversion'
gcc: fatal error: no input files
compilation terminated.
configure:3243: $? = 4
configure:3263: checking whether the C compiler works
configure:3285: gcc    conftest.c  >&5
configure:3289: $? = 0
configure:3337: result: yes
configure:3340: checking for C compiler default output file name
configure:3342: result: a.out
configure:3348: checking for suffix of executables
configure:3355: gcc -o conftest    conftest.c  >&5
configure:3359: $? = 0
configure:3381: result: 
configure:3403: checking whether we are cross compiling
configure:3411: gcc -o conftest    conftest.c  >&5
configure:3415: $? = 0
configure:3422: ./conftest
configure:3426: $? = 0
configure:3441: result: no
configure:3446: checking for suffix of object files
configure:3468: gcc -c   conftest.c >&5
configure:3472: $? = 0
configure:3493: result: o
configure:3497: checking whether we are using the GNU C compiler
configure:3516: gcc -c   conftest.c >&5
configure:3516: $? = 0
configure:3525: result: yes
configure:3534: checking whether gcc accepts -g
configure:3554: gcc -c -g  conftest.c >&5
configure:3554: $? = 0
configure:3595: result: yes
configure:3612: checking for gcc option to accept ISO C89
configure:3675: gcc  -c -g -O2  conftest.c >&5
configure:3675: $? = 0
configure:3688: result: none needed
configure:3710: checking dependency style of gcc
configure:3821: result: gcc3
configure:3837: checking for cfmakeraw
configure:3837: gcc -o conftest -g -O2   conftest.c  >&5
configure:3837: $? = 0
configure:3837: result: yes
configure:3895: checking for gcc
configure:3922: result: gcc
configure:4151: checking for C compiler version
configure:4160: gcc --version >&5
gcc (Ubuntu/Linaro 4.7.2-2ubuntu1) 4.7.2
Copyright (C) 2012 Free Software Foundation, Inc.
This is free software; see the source for copying conditions.  There is NO
warranty; not even for MERCHANTABILITY or FITNESS FOR A PARTICULAR PURPOSE.

configure:4171: $? = 0
configure:4160: gcc -v >&5
Using built-in specs.
COLLECT_GCC=gcc
COLLECT_LTO_WRAPPER=/usr/lib/gcc/x86_64-linux-gnu/4.7/lto-wrapper
Target: x86_64-linux-gnu
Configured with: ../src/configure -v --with-pkgversion='Ubuntu/Linaro 4.7.2-2ubuntu1' --with-bugurl=file:///usr/share/doc/gcc-4.7/README.Bugs --enable-languages=c,c++,go,fortran,objc,obj-c++ --prefix=/usr --program-suffix=-4.7 --enable-shared --enable-linker-build-id --with-system-zlib --libexecdir=/usr/lib --without-included-gettext --enable-threads=posix --with-gxx-include-dir=/usr/include/c++/4.7 --libdir=/usr/lib --enable-nls --with-sysroot=/ --enable-clocale=gnu --enable-libstdcxx-debug --enable-libstdcxx-time=yes --enable-gnu-unique-object --enable-plugin --enable-objc-gc --disable-werror --with-arch-32=i686 --with-tune=generic --enable-checking=release --build=x86_64-linux-gnu --host=x86_64-linux-gnu --target=x86_64-linux-gnu
Thread model: posix
gcc version 4.7.2 (Ubuntu/Linaro 4.7.2-2ubuntu1) 
configure:4171: $? = 0
configure:4160: gcc -V >&5
gcc: error: unrecognized command line option '-V'
gcc: fatal error: no input files
compilation terminated.
configure:4171: $? = 4
configure:4160: gcc -qversion >&5
gcc: error: unrecognized command line option '-qversion'
gcc: fatal error: no input files
compilation terminated.
configure:4171: $? = 4
configure:4175: checking whether we are using the GNU C compiler
configure:4203: result: yes
configure:4212: checking whether gcc accepts -g
configure:4273: result: yes
configure:4290: checking for gcc option to accept ISO C89
configure:4366: result: none needed
configure:4388: checking dependency style of gcc
configure:4499: result: gcc3
configure:4519: checking how to run the C preprocessor
configure:4550: gcc -E  conftest.c
configure:4550: $? = 0
configure:4564: gcc -E  conftest.c
conftest.c:11:28: fatal error: ac_nonexistent.h: No such file or directory
compilation terminated.
configure:4564: $? = 1
configure: failed program was:
| /* confdefs.h */
| #define PACKAGE_NAME "srcpd"
| #define PACKAGE_TARNAME "srcpd"
| #define PACKAGE_VERSION "2.1.1"
| #define PACKAGE_STRING "srcpd 2.1.1"
| #define PACKAGE_BUGREPORT "srcpd-devel@lists.sourceforge.net"
| #define PACKAGE_URL ""
| #define PACKAGE "srcpd"
| #define VERSION "2.1.1"
| /* end confdefs.h.  */
| #include <ac_nonexistent.h>
configure:4589: result: gcc -E
configure:4609: gcc -E  conftest.c
configure:4609: $? = 0
configure:4623: gcc -E  conftest.c
conftest.c:11:28: fatal error: ac_nonexistent.h: No such file or directory
compilation terminated.
configure:4623: $? = 1
configure: failed program was:
| /* confdefs.h */
| #define PACKAGE_NAME "srcpd"
| #define PACKAGE_TARNAME "srcpd"
| #define PACKAGE_VERSION "2.1.1"
| #define PACKAGE_STRING "srcpd 2.1.1"
| #define PACKAGE_BUGREPORT "srcpd-devel@lists.sourceforge.net"
| #define PACKAGE_URL ""
| #define PACKAGE "srcpd"
| #define VERSION "2.1.1"
| /* end confdefs.h.  */
| #include <ac_nonexistent.h>
configure:4921: checking for library containing getaddrinfo
configure:4952: gcc -o conftest -g -O2   conftest.c  >&5
configure:4952: $? = 0
configure:4969: result: none required
configure:5048: checking for grep that handles long lines and -e
configure:5106: result: /bin/grep
configure:5111: checking for egrep
configure:5173: result: /bin/grep -E
configure:5178: checking for ANSI C header files
configure:5198: gcc -c -g -O2  conftest.c >&5
configure:5198: $? = 0
configure:5271: gcc -o conftest -g -O2   conftest.c  >&5
configure:5271: $? = 0
configure:5271: ./conftest
configure:5271: $? = 0
configure:5282: result: yes
configure:5295: checking for sys/types.h
configure:5295: gcc -c -g -O2  conftest.c >&5
configure:5295: $? = 0
configure:5295: result: yes
configure:5295: checking for sys/stat.h
configure:5295: gcc -c -g -O2  conftest.c >&5
configure:5295: $? = 0
configure:5295: result: yes
configure:5295: checking for stdlib.h
configure:5295: gcc -c -g -O2  conftest.c >&5
configure:5295: $? = 0
configure:5295: result: yes
configure:5295: checking for string.h
configure:5295: gcc -c -g -O2  conftest.c >&5
configure:5295: $? = 0
configure:5295: result: yes
configure:5295: checking for memory.h
configure:5295: gcc -c -g -O2  conftest.c >&5
configure:5295: $? = 0
configure:5295: result: yes
configure:5295: checking for strings.h
configure:5295: gcc -c -g -O2  conftest.c >&5
configure:5295: $? = 0
configure:5295: result: yes
configure:5295: checking for inttypes.h
configure:5295: gcc -c -g -O2  conftest.c >&5
configure:5295: $? = 0
configure:5295: result: yes
configure:5295: checking for stdint.h
configure:5295: gcc -c -g -O2  conftest.c >&5
configure:5295: $? = 0
configure:5295: result: yes
configure:5295: checking for unistd.h
configure:5295: gcc -c -g -O2  conftest.c >&5
configure:5295: $? = 0
configure:5295: result: yes
configure:5311: checking fcntl.h usability
configure:5311: gcc -c -g -O2  conftest.c >&5
configure:5311: $? = 0
configure:5311: result: yes
configure:5311: checking fcntl.h presence
configure:5311: gcc -E  conftest.c
configure:5311: $? = 0
configure:5311: result: yes
configure:5311: checking for fcntl.h
configure:5311: result: yes
configure:5311: checking syslog.h usability
configure:5311: gcc -c -g -O2  conftest.c >&5
configure:5311: $? = 0
configure:5311: result: yes
configure:5311: checking syslog.h presence
configure:5311: gcc -E  conftest.c
configure:5311: $? = 0
configure:5311: result: yes
configure:5311: checking for syslog.h
configure:5311: result: yes
configure:5311: checking errno.h usability
configure:5311: gcc -c -g -O2  conftest.c >&5
configure:5311: $? = 0
configure:5311: result: yes
configure:5311: checking errno.h presence
configure:5311: gcc -E  conftest.c
configure:5311: $? = 0
configure:5311: result: yes
configure:5311: checking for errno.h
configure:5311: result: yes
configure:5311: checking pthread.h usability
configure:5311: gcc -c -g -O2  conftest.c >&5
configure:5311: $? = 0
configure:5311: result: yes
configure:5311: checking pthread.h presence
configure:5311: gcc -E  conftest.c
configure:5311: $? = 0
configure:5311: result: yes
configure:5311: checking for pthread.h
configure:5311: result: yes
configure:5311: checking pwd.h usability
configure:5311: gcc -c -g -O2  conftest.c >&5
configure:5311: $? = 0
configure:5311: result: yes
configure:5311: checking pwd.h presence
configure:5311: gcc -E  conftest.c
configure:5311: $? = 0
configure:5311: result: yes
configure:5311: checking for pwd.h
configure:5311: result: yes
configure:5311: checking sys/time.h usability
configure:5311: gcc -c -g -O2  conftest.c >&5
configure:5311: $? = 0
configure:5311: result: yes
configure:5311: checking sys/time.h presence
configure:5311: gcc -E  conftest.c
configure:5311: $? = 0
configure:5311: result: yes
configure:5311: checking for sys/time.h
configure:5311: result: yes
configure:5311: checking signal.h usability
configure:5311: gcc -c -g -O2  conftest.c >&5
configure:5311: $? = 0
configure:5311: result: yes
configure:5311: checking signal.h presence
configure:5311: gcc -E  conftest.c
configure:5311: $? = 0
configure:5311: result: yes
configure:5311: checking for signal.h
configure:5311: result: yes
configure:5311: checking termios.h usability
configure:5311: gcc -c -g -O2  conftest.c >&5
configure:5311: $? = 0
configure:5311: result: yes
configure:5311: checking termios.h presence
configure:5311: gcc -E  conftest.c
configure:5311: $? = 0
configure:5311: result: yes
configure:5311: checking for termios.h
configure:5311: result: yes
configure:5311: checking netdb.h usability
configure:5311: gcc -c -g -O2  conftest.c >&5
configure:5311: $? = 0
configure:5311: result: yes
configure:5311: checking netdb.h presence
configure:5311: gcc -E  conftest.c
configure:5311: $? = 0
configure:5311: result: yes
configure:5311: checking for netdb.h
configure:5311: result: yes
configure:5324: checking POSIX termios
configure:5344: gcc -o conftest -g -O2   conftest.c  >&5
configure:5344: $? = 0
configure:5352: result: yes
configure:5364: checking sys/io.h usability
configure:5364: gcc -c -g -O2  conftest.c >&5
configure:5364: $? = 0
configure:5364: result: yes
configure:5364: checking sys/io.h presence
configure:5364: gcc -E  conftest.c
configure:5364: $? = 0
configure:5364: result: yes
configure:5364: checking for sys/io.h
configure:5364: result: yes
configure:5380: checking linux/serial.h usability
configure:5380: gcc -c -g -O2  conftest.c >&5
configure:5380: $? = 0
configure:5380: result: yes
configure:5380: checking linux/serial.h presence
configure:5380: gcc -E  conftest.c
configure:5380: $? = 0
configure:5380: result: yes
configure:5380: checking for linux/serial.h
configure:5380: result: yes
configure:5380: checking linux/i2c-dev.h usability
configure:5380: gcc -c -g -O2  conftest.c >&5
configure:5380: $? = 0
configure:5380: result: yes
configure:5380: checking linux/i2c-dev.h presence
configure:5380: gcc -E  conftest.c
configure:5380: $? = 0
configure:5380: result: yes
configure:5380: checking for linux/i2c-dev.h
configure:5380: result: yes
configure:5445: checking for pid_t
configure:5445: gcc -c -g -O2  conftest.c >&5
configure:5445: $? = 0
configure:5445: gcc -c -g -O2  conftest.c >&5
conftest.c: In function 'main':
conftest.c:82:20: error: expected expression before ')' token
configure:5445: $? = 1
configure: failed program was:
| /* confdefs.h */
| #define PACKAGE_NAME "srcpd"
| #define PACKAGE_TARNAME "srcpd"
| #define PACKAGE_VERSION "2.1.1"
| #define PACKAGE_STRING "srcpd 2.1.1"
| #define PACKAGE_BUGREPORT "srcpd-devel@lists.sourceforge.net"
| #define PACKAGE_URL ""
| #define PACKAGE "srcpd"
| #define VERSION "2.1.1"
| #define USE_DDL 1
| #define USE_DDLS88 1
| #define USE_HSI88 1
| #define USE_I2C 1
| #define USE_IB 1
| #define USE_LI100 1
| #define USE_LOCONET 1
| #define USE_LOOPBACK 1
| #define USE_M605X 1
| #define USE_SELECTRIX 1
| #define USE_ZIMO 1
| #define USE_ADHOCMM 1
| #define HAVE_GETADDRINFO 1
| #define STDC_HEADERS 1
| #define HAVE_SYS_TYPES_H 1
| #define HAVE_SYS_STAT_H 1
| #define HAVE_STDLIB_H 1
| #define HAVE_STRING_H 1
| #define HAVE_MEMORY_H 1
| #define HAVE_STRINGS_H 1
| #define HAVE_INTTYPES_H 1
| #define HAVE_STDINT_H 1
| #define HAVE_UNISTD_H 1
| #define HAVE_FCNTL_H 1
| #define HAVE_SYSLOG_H 1
| #define HAVE_ERRNO_H 1
| #define HAVE_PTHREAD_H 1
| #define HAVE_PWD_H 1
| #define HAVE_SYS_TIME_H 1
| #define HAVE_SIGNAL_H 1
| #define HAVE_TERMIOS_H 1
| #define HAVE_NETDB_H 1
| #define HAVE_SYS_IO_H 1
| #define HAVE_LINUX_SERIAL_H 1
| #define HAVE_LINUX_I2C_DEV_H 1
| /* end confdefs.h.  */
| #include <stdio.h>
| #ifdef HAVE_SYS_TYPES_H
| # include <sys/types.h>
| #endif
| #ifdef HAVE_SYS_STAT_H
| # include <sys/stat.h>
| #endif
| #ifdef STDC_HEADERS
| # include <stdlib.h>
| # include <stddef.h>
| #else
| # ifdef HAVE_STDLIB_H
| #  include <stdlib.h>
| # endif
| #endif
| #ifdef HAVE_STRING_H
| # if !defined STDC_HEADERS && defined HAVE_MEMORY_H
| #  include <memory.h>
| # endif
| # include <string.h>
| #endif
| #ifdef HAVE_STRINGS_H
| # include <strings.h>
| #endif
| #ifdef HAVE_INTTYPES_H
| # include <inttypes.h>
| #endif
| #ifdef HAVE_STDINT_H
| # include <stdint.h>
| #endif
| #ifdef HAVE_UNISTD_H
| # include <unistd.h>
| #endif
| int
| main ()
| {
| if (sizeof ((pid_t)))
| 	    return 0;
|   ;
|   return 0;
| }
configure:5445: result: yes
configure:5456: checking return type of signal handlers
configure:5474: gcc -c -g -O2  conftest.c >&5
conftest.c: In function 'main':
conftest.c:52:1: error: void value not ignored as it ought to be
configure:5474: $? = 1
configure: failed program was:
| /* confdefs.h */
| #define PACKAGE_NAME "srcpd"
| #define PACKAGE_TARNAME "srcpd"
| #define PACKAGE_VERSION "2.1.1"
| #define PACKAGE_STRING "srcpd 2.1.1"
| #define PACKAGE_BUGREPORT "srcpd-devel@lists.sourceforge.net"
| #define PACKAGE_URL ""
| #define PACKAGE "srcpd"
| #define VERSION "2.1.1"
| #define USE_DDL 1
| #define USE_DDLS88 1
| #define USE_HSI88 1
| #define USE_I2C 1
| #define USE_IB 1
| #define USE_LI100 1
| #define USE_LOCONET 1
| #define USE_LOOPBACK 1
| #define USE_M605X 1
| #define USE_SELECTRIX 1
| #define USE_ZIMO 1
| #define USE_ADHOCMM 1
| #define HAVE_GETADDRINFO 1
| #define STDC_HEADERS 1
| #define HAVE_SYS_TYPES_H 1
| #define HAVE_SYS_STAT_H 1
| #define HAVE_STDLIB_H 1
| #define HAVE_STRING_H 1
| #define HAVE_MEMORY_H 1
| #define HAVE_STRINGS_H 1
| #define HAVE_INTTYPES_H 1
| #define HAVE_STDINT_H 1
| #define HAVE_UNISTD_H 1
| #define HAVE_FCNTL_H 1
| #define HAVE_SYSLOG_H 1
| #define HAVE_ERRNO_H 1
| #define HAVE_PTHREAD_H 1
| #define HAVE_PWD_H 1
| #define HAVE_SYS_TIME_H 1
| #define HAVE_SIGNAL_H 1
| #define HAVE_TERMIOS_H 1
| #define HAVE_NETDB_H 1
| #define HAVE_SYS_IO_H 1
| #define HAVE_LINUX_SERIAL_H 1
| #define HAVE_LINUX_I2C_DEV_H 1
| /* end confdefs.h.  */
| #include <sys/types.h>
| #include <signal.h>
| 
| int
| main ()
| {
| return *(signal (0, 0)) (0) == 1;
|   ;
|   return 0;
| }
configure:5481: result: void
configure:5490: checking for an ANSI C-conforming const
configure:5556: gcc -c -g -O2  conftest.c >&5
configure:5556: $? = 0
configure:5563: result: yes
configure:5571: checking for inline
configure:5587: gcc -c -g -O2  conftest.c >&5
configure:5587: $? = 0
configure:5595: result: inline
configure:5614: checking for type of build
configure:5631: result: release
configure:5635: checking for working memcmp
configure:5678: gcc -o conftest -g -O2   conftest.c  >&5
configure:5678: $? = 0
configure:5678: ./conftest
configure:5678: $? = 0
configure:5688: result: yes
configure:5700: checking for gettimeofday
configure:5700: gcc -o conftest -g -O2   conftest.c  >&5
configure:5700: $? = 0
configure:5700: result: yes
configure:5700: checking for socket
configure:5700: gcc -o conftest -g -O2   conftest.c  >&5
configure:5700: $? = 0
configure:5700: result: yes
configure:5750: checking for xml2-config
configure:5768: found /usr/bin/xml2-config
configure:5781: result: /usr/bin/xml2-config
configure:5790: checking for libxml - version >= 2.4.0
configure:5892: gcc -o conftest -g -O2  -I/usr/include/libxml2  conftest.c -L/usr/lib -lxml2  >&5
conftest.c: In function 'main':
conftest.c:62:9: warning: ignoring return value of 'system', declared with attribute warn_unused_result [-Wunused-result]
configure:5892: $? = 0
configure:5892: ./conftest
configure:5892: $? = 0
configure:5907: result: yes (version 2.8.0)
configure:6136: checking for the pthreads library -lpthreads
configure:6169: gcc -o conftest -g -O2  -I/usr/include/libxml2   conftest.c -lpthreads -L/usr/lib -lxml2  >&5
/usr/bin/ld: cannot find -lpthreads
collect2: error: ld returned 1 exit status
configure:6169: $? = 1
configure: failed program was:
| /* confdefs.h */
| #define PACKAGE_NAME "srcpd"
| #define PACKAGE_TARNAME "srcpd"
| #define PACKAGE_VERSION "2.1.1"
| #define PACKAGE_STRING "srcpd 2.1.1"
| #define PACKAGE_BUGREPORT "srcpd-devel@lists.sourceforge.net"
| #define PACKAGE_URL ""
| #define PACKAGE "srcpd"
| #define VERSION "2.1.1"
| #define USE_DDL 1
| #define USE_DDLS88 1
| #define USE_HSI88 1
| #define USE_I2C 1
| #define USE_IB 1
| #define USE_LI100 1
| #define USE_LOCONET 1
| #define USE_LOOPBACK 1
| #define USE_M605X 1
| #define USE_SELECTRIX 1
| #define USE_ZIMO 1
| #define USE_ADHOCMM 1
| #define HAVE_GETADDRINFO 1
| #define STDC_HEADERS 1
| #define HAVE_SYS_TYPES_H 1
| #define HAVE_SYS_STAT_H 1
| #define HAVE_STDLIB_H 1
| #define HAVE_STRING_H 1
| #define HAVE_MEMORY_H 1
| #define HAVE_STRINGS_H 1
| #define HAVE_INTTYPES_H 1
| #define HAVE_STDINT_H 1
| #define HAVE_UNISTD_H 1
| #define HAVE_FCNTL_H 1
| #define HAVE_SYSLOG_H 1
| #define HAVE_ERRNO_H 1
| #define HAVE_PTHREAD_H 1
| #define HAVE_PWD_H 1
| #define HAVE_SYS_TIME_H 1
| #define HAVE_SIGNAL_H 1
| #define HAVE_TERMIOS_H 1
| #define HAVE_NETDB_H 1
| #define HAVE_SYS_IO_H 1
| #define HAVE_LINUX_SERIAL_H 1
| #define HAVE_LINUX_I2C_DEV_H 1
| #define RETSIGTYPE void
| #define HAVE_GETTIMEOFDAY 1
| #define HAVE_SOCKET 1
| /* end confdefs.h.  */
| #include <pthread.h>
| int
| main ()
| {
| pthread_t th; pthread_join(th, 0);
|                      pthread_attr_init(0); pthread_cleanup_push(0, 0);
|                      pthread_create(0,0,0,0); pthread_cleanup_pop(0);
|   ;
|   return 0;
| }
configure:6178: result: no
configure:6081: checking whether pthreads work without any flags
configure:6169: gcc -o conftest -g -O2  -I/usr/include/libxml2   conftest.c  -L/usr/lib -lxml2  >&5
/tmp/cciz04bQ.o: In function `main':
/home/fork/Code/adhocrailway/srcpd/conftest.c:53: undefined reference to `pthread_join'
/home/fork/Code/adhocrailway/srcpd/conftest.c:54: undefined reference to `__pthread_register_cancel'
/home/fork/Code/adhocrailway/srcpd/conftest.c:55: undefined reference to `pthread_create'
/home/fork/Code/adhocrailway/srcpd/conftest.c:55: undefined reference to `__pthread_unregister_cancel'
collect2: error: ld returned 1 exit status
configure:6169: $? = 1
configure: failed program was:
| /* confdefs.h */
| #define PACKAGE_NAME "srcpd"
| #define PACKAGE_TARNAME "srcpd"
| #define PACKAGE_VERSION "2.1.1"
| #define PACKAGE_STRING "srcpd 2.1.1"
| #define PACKAGE_BUGREPORT "srcpd-devel@lists.sourceforge.net"
| #define PACKAGE_URL ""
| #define PACKAGE "srcpd"
| #define VERSION "2.1.1"
| #define USE_DDL 1
| #define USE_DDLS88 1
| #define USE_HSI88 1
| #define USE_I2C 1
| #define USE_IB 1
| #define USE_LI100 1
| #define USE_LOCONET 1
| #define USE_LOOPBACK 1
| #define USE_M605X 1
| #define USE_SELECTRIX 1
| #define USE_ZIMO 1
| #define USE_ADHOCMM 1
| #define HAVE_GETADDRINFO 1
| #define STDC_HEADERS 1
| #define HAVE_SYS_TYPES_H 1
| #define HAVE_SYS_STAT_H 1
| #define HAVE_STDLIB_H 1
| #define HAVE_STRING_H 1
| #define HAVE_MEMORY_H 1
| #define HAVE_STRINGS_H 1
| #define HAVE_INTTYPES_H 1
| #define HAVE_STDINT_H 1
| #define HAVE_UNISTD_H 1
| #define HAVE_FCNTL_H 1
| #define HAVE_SYSLOG_H 1
| #define HAVE_ERRNO_H 1
| #define HAVE_PTHREAD_H 1
| #define HAVE_PWD_H 1
| #define HAVE_SYS_TIME_H 1
| #define HAVE_SIGNAL_H 1
| #define HAVE_TERMIOS_H 1
| #define HAVE_NETDB_H 1
| #define HAVE_SYS_IO_H 1
| #define HAVE_LINUX_SERIAL_H 1
| #define HAVE_LINUX_I2C_DEV_H 1
| #define RETSIGTYPE void
| #define HAVE_GETTIMEOFDAY 1
| #define HAVE_SOCKET 1
| /* end confdefs.h.  */
| #include <pthread.h>
| int
| main ()
| {
| pthread_t th; pthread_join(th, 0);
|                      pthread_attr_init(0); pthread_cleanup_push(0, 0);
|                      pthread_create(0,0,0,0); pthread_cleanup_pop(0);
|   ;
|   return 0;
| }
configure:6178: result: no
configure:6086: checking whether pthreads work with -Kthread
configure:6169: gcc -o conftest -g -O2 -Kthread -I/usr/include/libxml2   conftest.c  -L/usr/lib -lxml2  >&5
gcc: error: unrecognized command line option '-Kthread'
configure:6169: $? = 1
configure: failed program was:
| /* confdefs.h */
| #define PACKAGE_NAME "srcpd"
| #define PACKAGE_TARNAME "srcpd"
| #define PACKAGE_VERSION "2.1.1"
| #define PACKAGE_STRING "srcpd 2.1.1"
| #define PACKAGE_BUGREPORT "srcpd-devel@lists.sourceforge.net"
| #define PACKAGE_URL ""
| #define PACKAGE "srcpd"
| #define VERSION "2.1.1"
| #define USE_DDL 1
| #define USE_DDLS88 1
| #define USE_HSI88 1
| #define USE_I2C 1
| #define USE_IB 1
| #define USE_LI100 1
| #define USE_LOCONET 1
| #define USE_LOOPBACK 1
| #define USE_M605X 1
| #define USE_SELECTRIX 1
| #define USE_ZIMO 1
| #define USE_ADHOCMM 1
| #define HAVE_GETADDRINFO 1
| #define STDC_HEADERS 1
| #define HAVE_SYS_TYPES_H 1
| #define HAVE_SYS_STAT_H 1
| #define HAVE_STDLIB_H 1
| #define HAVE_STRING_H 1
| #define HAVE_MEMORY_H 1
| #define HAVE_STRINGS_H 1
| #define HAVE_INTTYPES_H 1
| #define HAVE_STDINT_H 1
| #define HAVE_UNISTD_H 1
| #define HAVE_FCNTL_H 1
| #define HAVE_SYSLOG_H 1
| #define HAVE_ERRNO_H 1
| #define HAVE_PTHREAD_H 1
| #define HAVE_PWD_H 1
| #define HAVE_SYS_TIME_H 1
| #define HAVE_SIGNAL_H 1
| #define HAVE_TERMIOS_H 1
| #define HAVE_NETDB_H 1
| #define HAVE_SYS_IO_H 1
| #define HAVE_LINUX_SERIAL_H 1
| #define HAVE_LINUX_I2C_DEV_H 1
| #define RETSIGTYPE void
| #define HAVE_GETTIMEOFDAY 1
| #define HAVE_SOCKET 1
| /* end confdefs.h.  */
| #include <pthread.h>
| int
| main ()
| {
| pthread_t th; pthread_join(th, 0);
|                      pthread_attr_init(0); pthread_cleanup_push(0, 0);
|                      pthread_create(0,0,0,0); pthread_cleanup_pop(0);
|   ;
|   return 0;
| }
configure:6178: result: no
configure:6086: checking whether pthreads work with -kthread
configure:6169: gcc -o conftest -g -O2 -kthread -I/usr/include/libxml2   conftest.c  -L/usr/lib -lxml2  >&5
gcc: error: unrecognized command line option '-kthread'
configure:6169: $? = 1
configure: failed program was:
| /* confdefs.h */
| #define PACKAGE_NAME "srcpd"
| #define PACKAGE_TARNAME "srcpd"
| #define PACKAGE_VERSION "2.1.1"
| #define PACKAGE_STRING "srcpd 2.1.1"
| #define PACKAGE_BUGREPORT "srcpd-devel@lists.sourceforge.net"
| #define PACKAGE_URL ""
| #define PACKAGE "srcpd"
| #define VERSION "2.1.1"
| #define USE_DDL 1
| #define USE_DDLS88 1
| #define USE_HSI88 1
| #define USE_I2C 1
| #define USE_IB 1
| #define USE_LI100 1
| #define USE_LOCONET 1
| #define USE_LOOPBACK 1
| #define USE_M605X 1
| #define USE_SELECTRIX 1
| #define USE_ZIMO 1
| #define USE_ADHOCMM 1
| #define HAVE_GETADDRINFO 1
| #define STDC_HEADERS 1
| #define HAVE_SYS_TYPES_H 1
| #define HAVE_SYS_STAT_H 1
| #define HAVE_STDLIB_H 1
| #define HAVE_STRING_H 1
| #define HAVE_MEMORY_H 1
| #define HAVE_STRINGS_H 1
| #define HAVE_INTTYPES_H 1
| #define HAVE_STDINT_H 1
| #define HAVE_UNISTD_H 1
| #define HAVE_FCNTL_H 1
| #define HAVE_SYSLOG_H 1
| #define HAVE_ERRNO_H 1
| #define HAVE_PTHREAD_H 1
| #define HAVE_PWD_H 1
| #define HAVE_SYS_TIME_H 1
| #define HAVE_SIGNAL_H 1
| #define HAVE_TERMIOS_H 1
| #define HAVE_NETDB_H 1
| #define HAVE_SYS_IO_H 1
| #define HAVE_LINUX_SERIAL_H 1
| #define HAVE_LINUX_I2C_DEV_H 1
| #define RETSIGTYPE void
| #define HAVE_GETTIMEOFDAY 1
| #define HAVE_SOCKET 1
| /* end confdefs.h.  */
| #include <pthread.h>
| int
| main ()
| {
| pthread_t th; pthread_join(th, 0);
|                      pthread_attr_init(0); pthread_cleanup_push(0, 0);
|                      pthread_create(0,0,0,0); pthread_cleanup_pop(0);
|   ;
|   return 0;
| }
configure:6178: result: no
configure:6136: checking for the pthreads library -llthread
configure:6169: gcc -o conftest -g -O2  -I/usr/include/libxml2   conftest.c -llthread -L/usr/lib -lxml2  >&5
/usr/bin/ld: cannot find -llthread
collect2: error: ld returned 1 exit status
configure:6169: $? = 1
configure: failed program was:
| /* confdefs.h */
| #define PACKAGE_NAME "srcpd"
| #define PACKAGE_TARNAME "srcpd"
| #define PACKAGE_VERSION "2.1.1"
| #define PACKAGE_STRING "srcpd 2.1.1"
| #define PACKAGE_BUGREPORT "srcpd-devel@lists.sourceforge.net"
| #define PACKAGE_URL ""
| #define PACKAGE "srcpd"
| #define VERSION "2.1.1"
| #define USE_DDL 1
| #define USE_DDLS88 1
| #define USE_HSI88 1
| #define USE_I2C 1
| #define USE_IB 1
| #define USE_LI100 1
| #define USE_LOCONET 1
| #define USE_LOOPBACK 1
| #define USE_M605X 1
| #define USE_SELECTRIX 1
| #define USE_ZIMO 1
| #define USE_ADHOCMM 1
| #define HAVE_GETADDRINFO 1
| #define STDC_HEADERS 1
| #define HAVE_SYS_TYPES_H 1
| #define HAVE_SYS_STAT_H 1
| #define HAVE_STDLIB_H 1
| #define HAVE_STRING_H 1
| #define HAVE_MEMORY_H 1
| #define HAVE_STRINGS_H 1
| #define HAVE_INTTYPES_H 1
| #define HAVE_STDINT_H 1
| #define HAVE_UNISTD_H 1
| #define HAVE_FCNTL_H 1
| #define HAVE_SYSLOG_H 1
| #define HAVE_ERRNO_H 1
| #define HAVE_PTHREAD_H 1
| #define HAVE_PWD_H 1
| #define HAVE_SYS_TIME_H 1
| #define HAVE_SIGNAL_H 1
| #define HAVE_TERMIOS_H 1
| #define HAVE_NETDB_H 1
| #define HAVE_SYS_IO_H 1
| #define HAVE_LINUX_SERIAL_H 1
| #define HAVE_LINUX_I2C_DEV_H 1
| #define RETSIGTYPE void
| #define HAVE_GETTIMEOFDAY 1
| #define HAVE_SOCKET 1
| /* end confdefs.h.  */
| #include <pthread.h>
| int
| main ()
| {
| pthread_t th; pthread_join(th, 0);
|                      pthread_attr_init(0); pthread_cleanup_push(0, 0);
|                      pthread_create(0,0,0,0); pthread_cleanup_pop(0);
|   ;
|   return 0;
| }
configure:6178: result: no
configure:6086: checking whether pthreads work with -pthread
configure:6169: gcc -o conftest -g -O2 -pthread -I/usr/include/libxml2   conftest.c  -L/usr/lib -lxml2  >&5
configure:6169: $? = 0
configure:6178: result: yes
configure:6197: checking for joinable pthread attribute
configure:6212: gcc -o conftest -g -O2 -pthread -I/usr/include/libxml2   conftest.c  -L/usr/lib -lxml2  >&5
configure:6212: $? = 0
configure:6218: result: PTHREAD_CREATE_JOINABLE
configure:6228: checking if more special flags are required for pthreads
configure:6235: result: no
configure:6321: checking for ioperm
configure:6321: gcc -o conftest -g -O2 -pthread -I/usr/include/libxml2   conftest.c  -L/usr/lib -lxml2  >&5
configure:6321: $? = 0
configure:6321: result: yes
configure:6347: checking whether to enable ipv6
configure:6387: gcc -o conftest -g -O2 -pthread -I/usr/include/libxml2   conftest.c  -L/usr/lib -lxml2  >&5
conftest.c: In function 'main':
conftest.c:55:4: warning: incompatible implicit declaration of built-in function 'exit' [enabled by default]
configure:6387: $? = 0
configure:6387: ./conftest
configure:6387: $? = 0
configure:6388: result: yes
configure:6590: creating ./config.status

## ---------------------- ##
## Running config.status. ##
## ---------------------- ##

This file was extended by srcpd config.status 2.1.1, which was
generated by GNU Autoconf 2.69.  Invocation command line was

  CONFIG_FILES    = 
  CONFIG_HEADERS  = 
  CONFIG_LINKS    = 
  CONFIG_COMMANDS = 
  $ ./config.status 

on hades

config.status:919: creating Makefile
config.status:919: creating src/Makefile
config.status:919: creating man/Makefile
config.status:919: creating man/de/Makefile
config.status:919: creating src/config.h
config.status:1100: src/config.h is unchanged
config.status:1148: executing depfiles commands

## ---------------- ##
## Cache variables. ##
## ---------------- ##

ac_cv_build=x86_64-unknown-linux-gnu
ac_cv_c_compiler_gnu=yes
ac_cv_c_const=yes
ac_cv_c_inline=inline
ac_cv_env_CC_set=
ac_cv_env_CC_value=
ac_cv_env_CFLAGS_set=
ac_cv_env_CFLAGS_value=
ac_cv_env_CPPFLAGS_set=
ac_cv_env_CPPFLAGS_value=
ac_cv_env_CPP_set=
ac_cv_env_CPP_value=
ac_cv_env_LDFLAGS_set=
ac_cv_env_LDFLAGS_value=
ac_cv_env_LIBS_set=
ac_cv_env_LIBS_value=
ac_cv_env_build_alias_set=
ac_cv_env_build_alias_value=
ac_cv_env_host_alias_set=
ac_cv_env_host_alias_value=
ac_cv_env_target_alias_set=
ac_cv_env_target_alias_value=
ac_cv_func_cfmakeraw=yes
ac_cv_func_gettimeofday=yes
ac_cv_func_ioperm=yes
ac_cv_func_memcmp_working=yes
ac_cv_func_socket=yes
ac_cv_header_errno_h=yes
ac_cv_header_fcntl_h=yes
ac_cv_header_inttypes_h=yes
ac_cv_header_linux_i2c_dev_h=yes
ac_cv_header_linux_serial_h=yes
ac_cv_header_memory_h=yes
ac_cv_header_netdb_h=yes
ac_cv_header_pthread_h=yes
ac_cv_header_pwd_h=yes
ac_cv_header_signal_h=yes
ac_cv_header_stdc=yes
ac_cv_header_stdint_h=yes
ac_cv_header_stdlib_h=yes
ac_cv_header_string_h=yes
ac_cv_header_strings_h=yes
ac_cv_header_sys_io_h=yes
ac_cv_header_sys_stat_h=yes
ac_cv_header_sys_time_h=yes
ac_cv_header_sys_types_h=yes
ac_cv_header_syslog_h=yes
ac_cv_header_termios_h=yes
ac_cv_header_unistd_h=yes
ac_cv_host=x86_64-unknown-linux-gnu
ac_cv_objext=o
ac_cv_path_EGREP='/bin/grep -E'
ac_cv_path_GREP=/bin/grep
ac_cv_path_XML2_CONFIG=/usr/bin/xml2-config
ac_cv_path_install='/usr/bin/install -c'
ac_cv_path_mkdir=/bin/mkdir
ac_cv_prog_AWK=mawk
ac_cv_prog_CPP='gcc -E'
ac_cv_prog_ac_ct_CC=gcc
ac_cv_prog_cc_c89=
ac_cv_prog_cc_g=yes
ac_cv_prog_make_make_set=yes
ac_cv_search_getaddrinfo='none required'
ac_cv_sys_posix_termios=yes
ac_cv_type_pid_t=yes
ac_cv_type_signal=void
am_cv_CC_dependencies_compiler_type=gcc3

## ----------------- ##
## Output variables. ##
## ----------------- ##

ACLOCAL='${SHELL} /home/fork/Code/adhocrailway/srcpd/missing --run aclocal-1.11'
AMDEPBACKSLASH='\'
AMDEP_FALSE='#'
AMDEP_TRUE=''
AMTAR='$${TAR-tar}'
AUTOCONF='${SHELL} /home/fork/Code/adhocrailway/srcpd/missing --run autoconf'
AUTOHEADER='${SHELL} /home/fork/Code/adhocrailway/srcpd/missing --run autoheader'
AUTOMAKE='${SHELL} /home/fork/Code/adhocrailway/srcpd/missing --run automake-1.11'
AWK='mawk'
CC='gcc'
CCDEPMODE='depmode=gcc3'
CFLAGS='-g -O2 -pthread'
CPP='gcc -E'
CPPFLAGS='-I/usr/include/libxml2 '
CYGPATH_W='echo'
DEFS='-DHAVE_CONFIG_H'
DEPDIR='.deps'
ECHO_C=''
ECHO_N='-n'
ECHO_T=''
EGREP='/bin/grep -E'
EXEEXT=''
GREP='/bin/grep'
INSTALL_DATA='${INSTALL} -m 644'
INSTALL_PROGRAM='${INSTALL}'
INSTALL_SCRIPT='${INSTALL}'
INSTALL_STRIP_PROGRAM='$(install_sh) -c -s'
LDFLAGS=''
LIBOBJS=''
LIBS=' -L/usr/lib -lxml2 '
LTLIBOBJS=''
MAKEINFO='${SHELL} /home/fork/Code/adhocrailway/srcpd/missing --run makeinfo'
MKDIR_P='/bin/mkdir -p'
OBJEXT='o'
PACKAGE='srcpd'
PACKAGE_BUGREPORT='srcpd-devel@lists.sourceforge.net'
PACKAGE_NAME='srcpd'
PACKAGE_STRING='srcpd 2.1.1'
PACKAGE_TARNAME='srcpd'
PACKAGE_URL=''
PACKAGE_VERSION='2.1.1'
PATH_SEPARATOR=':'
PTHREAD_CC='gcc'
PTHREAD_CFLAGS='-pthread'
PTHREAD_LIBS=''
SET_MAKE=''
SHELL='/bin/bash'
STRIP=''
USE_ADHOCMM_FALSE='#'
USE_ADHOCMM_TRUE=''
USE_DDLS88_FALSE='#'
USE_DDLS88_TRUE=''
USE_DDL_FALSE='#'
USE_DDL_TRUE=''
USE_HSI88_FALSE='#'
USE_HSI88_TRUE=''
USE_I2C_FALSE='#'
USE_I2C_TRUE=''
USE_IB_FALSE='#'
USE_IB_TRUE=''
USE_LI100_FALSE='#'
USE_LI100_TRUE=''
USE_LOCONET_FALSE='#'
USE_LOCONET_TRUE=''
USE_LOOPBACK_FALSE='#'
USE_LOOPBACK_TRUE=''
USE_M605X_FALSE='#'
USE_M605X_TRUE=''
USE_SELECTRIX_FALSE='#'
USE_SELECTRIX_TRUE=''
USE_ZIMO_FALSE='#'
USE_ZIMO_TRUE=''
VERSION='2.1.1'
XML2_CONFIG='/usr/bin/xml2-config'
XML_CPPFLAGS='-I/usr/include/libxml2'
XML_LIBS='-L/usr/lib -lxml2'
ac_ct_CC='gcc'
acx_pthread_config=''
am__EXEEXT_FALSE=''
am__EXEEXT_TRUE='#'
am__fastdepCC_FALSE='#'
am__fastdepCC_TRUE=''
am__include='include'
am__isrc=''
am__leading_dot='.'
am__nodep='_no'
am__quote=''
am__tar='$${TAR-tar} chof - "$$tardir"'
am__untar='$${TAR-tar} xf -'
bindir='${exec_prefix}/bin'
build='x86_64-unknown-linux-gnu'
build_alias=''
build_cpu='x86_64'
build_os='linux-gnu'
build_vendor='unknown'
datadir='${datarootdir}'
datarootdir='${prefix}/share'
docdir='${datarootdir}/doc/${PACKAGE_TARNAME}'
dvidir='${docdir}'
exec_prefix='${prefix}'
host='x86_64-unknown-linux-gnu'
host_alias=''
host_cpu='x86_64'
host_os='linux-gnu'
host_vendor='unknown'
htmldir='${docdir}'
includedir='${prefix}/include'
infodir='${datarootdir}/info'
install_sh='${SHELL} /home/fork/Code/adhocrailway/srcpd/install-sh'
libdir='${exec_prefix}/lib'
libexecdir='${exec_prefix}/libexec'
localedir='${datarootdir}/locale'
localstatedir='${prefix}/var'
mandir='${datarootdir}/man'
mkdir_p='/bin/mkdir -p'
oldincludedir='/usr/include'
pdfdir='${docdir}'
prefix='/usr/local'
program_transform_name='s,x,x,'
psdir='${docdir}'
sbindir='${exec_prefix}/sbin'
sharedstatedir='${prefix}/com'
sysconfdir='${prefix}/etc'
target_alias=''

## ----------- ##
## confdefs.h. ##
## ----------- ##

/* confdefs.h */
#define PACKAGE_NAME "srcpd"
#define PACKAGE_TARNAME "srcpd"
#define PACKAGE_VERSION "2.1.1"
#define PACKAGE_STRING "srcpd 2.1.1"
#define PACKAGE_BUGREPORT "srcpd-devel@lists.sourceforge.net"
#define PACKAGE_URL ""
#define PACKAGE "srcpd"
#define VERSION "2.1.1"
#define USE_DDL 1
#define USE_DDLS88 1
#define USE_HSI88 1
#define USE_I2C 1
#define USE_IB 1
#define USE_LI100 1
#define USE_LOCONET 1
#define USE_LOOPBACK 1
#define USE_M605X 1
#define USE_SELECTRIX 1
#define USE_ZIMO 1
#define USE_ADHOCMM 1
#define HAVE_GETADDRINFO 1
#define STDC_HEADERS 1
#define HAVE_SYS_TYPES_H 1
#define HAVE_SYS_STAT_H 1
#define HAVE_STDLIB_H 1
#define HAVE_STRING_H 1
#define HAVE_MEMORY_H 1
#define HAVE_STRINGS_H 1
#define HAVE_INTTYPES_H 1
#define HAVE_STDINT_H 1
#define HAVE_UNISTD_H 1
#define HAVE_FCNTL_H 1
#define HAVE_SYSLOG_H 1
#define HAVE_ERRNO_H 1
#define HAVE_PTHREAD_H 1
#define HAVE_PWD_H 1
#define HAVE_SYS_TIME_H 1
#define HAVE_SIGNAL_H 1
#define HAVE_TERMIOS_H 1
#define HAVE_NETDB_H 1
#define HAVE_SYS_IO_H 1
#define HAVE_LINUX_SERIAL_H 1
#define HAVE_LINUX_I2C_DEV_H 1
#define RETSIGTYPE void
#define HAVE_GETTIMEOFDAY 1
#define HAVE_SOCKET 1
#define ENABLE_IPV6 1

configure: exit 0

## ---------------------- ##
## Running config.status. ##
## ---------------------- ##

This file was extended by srcpd config.status 2.1.1, which was
generated by GNU Autoconf 2.69.  Invocation command line was

  CONFIG_FILES    = 
  CONFIG_HEADERS  = 
  CONFIG_LINKS    = 
  CONFIG_COMMANDS = 
  $ ./config.status src/config.h

on hades

config.status:919: creating src/config.h
config.status:1100: src/config.h is unchanged
